ene. 21, 2019 12:34:01 P. M. oeg.dia.fi.upm.es.Carml main
INFO: Running the test RMLTC0007c-JSON...
SLF4J: No SLF4J providers were found.
SLF4J: Defaulting to no-operation (NOP) logger implementation
SLF4J: See http://www.slf4j.org/codes.html#noProviders for further details.
ene. 21, 2019 12:34:01 P. M. oeg.dia.fi.upm.es.Carml main
INFO: Running the test RMLTC0002a-CSV...
ene. 21, 2019 12:34:01 P. M. oeg.dia.fi.upm.es.Carml main
INFO: Running the test RMLTC0002c-CSV...
ene. 21, 2019 12:34:01 P. M. oeg.dia.fi.upm.es.RunCSVTest RunTest
WARNING: Error Header name 'IDs' not found. Available columns are: [ID, Name]
ene. 21, 2019 12:34:01 P. M. oeg.dia.fi.upm.es.Carml main
INFO: Running the test RMLTC0001b-JSON...
ene. 21, 2019 12:34:01 P. M. oeg.dia.fi.upm.es.Carml main
INFO: Running the test RMLTC0002b-CSV...
ene. 21, 2019 12:34:01 P. M. oeg.dia.fi.upm.es.Carml main
INFO: Running the test RMLTC0009a-JSON...
ene. 21, 2019 12:34:01 P. M. oeg.dia.fi.upm.es.Carml main
INFO: Running the test RMLTC0001a-XML...
ene. 21, 2019 12:34:02 P. M. oeg.dia.fi.upm.es.Carml main
INFO: Running the test RMLTC0000-CSV...
ene. 21, 2019 12:34:02 P. M. oeg.dia.fi.upm.es.Carml main
INFO: Running the test RMLTC0010a-JSON...
ene. 21, 2019 12:34:02 P. M. oeg.dia.fi.upm.es.RunJSONTest RunTest
WARNING: Error Use bracket notion ['my prop'] if your property contains blank characters. position: 2
ene. 21, 2019 12:34:02 P. M. oeg.dia.fi.upm.es.Carml main
INFO: Running the test RMLTC0003c-CSV...
ene. 21, 2019 12:34:02 P. M. oeg.dia.fi.upm.es.Carml main
INFO: Running the test RMLTC0002e-JSON...
ene. 21, 2019 12:34:02 P. M. oeg.dia.fi.upm.es.RunJSONTest RunTest
WARNING: Error could not create file source for path [./src/main/resources/RMLTC0002e-JSON/student2.json]
ene. 21, 2019 12:34:02 P. M. oeg.dia.fi.upm.es.Carml main
INFO: Running the test RMLTC0002e-CSV...
ene. 21, 2019 12:34:02 P. M. oeg.dia.fi.upm.es.RunCSVTest RunTest
WARNING: Error could not create file source for path [./src/main/resources/RMLTC0002e-CSV/student2.csv]
ene. 21, 2019 12:34:02 P. M. oeg.dia.fi.upm.es.Carml main
INFO: Running the test RMLTC0007b-JSON...
ene. 21, 2019 12:34:02 P. M. oeg.dia.fi.upm.es.RunJSONTest RunTest
WARNING: Error null
ene. 21, 2019 12:34:02 P. M. oeg.dia.fi.upm.es.Carml main
INFO: Running the test RMLTC0012a-JSON...
ene. 21, 2019 12:34:02 P. M. oeg.dia.fi.upm.es.Carml main
INFO: Running the test RMLTC0001b-XML...
ene. 21, 2019 12:34:02 P. M. oeg.dia.fi.upm.es.Carml main
INFO: Running the test RMLTC0003c-JSON...
ene. 21, 2019 12:34:02 P. M. oeg.dia.fi.upm.es.Carml main
INFO: Running the test RMLTC0007d-XML...
ene. 21, 2019 12:34:02 P. M. oeg.dia.fi.upm.es.Carml main
INFO: Running the test RMLTC0012c-CSV...
WARNING: An illegal reflective access operation has occurred
WARNING: Illegal reflective access by org.apache.commons.lang3.builder.ReflectionToStringBuilder (file:/Users/dchaves/.m2/repository/org/apache/commons/commons-lang3/3.7/commons-lang3-3.7.jar) to field java.lang.Enum.name
WARNING: Please consider reporting this to the maintainers of org.apache.commons.lang3.builder.ReflectionToStringBuilder
WARNING: Use --illegal-access=warn to enable warnings of further illegal reflective access operations
WARNING: All illegal access operations will be denied in a future release
ene. 21, 2019 12:34:02 P. M. oeg.dia.fi.upm.es.RunCSVTest RunTest
WARNING: Error Subject map must be specified in triples map CarmlTriplesMap <http://example.com/base/TriplesMap1>:
 com.taxonic.carml.model.impl.CarmlTriplesMap@46f699d5[
  logicalSource=com.taxonic.carml.model.impl.CarmlLogicalSource@2488b073[
    source=persons.csv,
    iterator=<null>,
    referenceFormulation=org.eclipse.rdf4j.model.impl.SimpleIRI@1c9f0a20[
      iriString=http://semweb.mmlab.be/ns/ql#CSV,
      localNameIdx=-1
    ],
    id=node1d1o30k8kx114,
    label=<null>
  ],
  subjectMap=<null>,
  predicateObjectMaps=java.util.Collections$UnmodifiableSet@1cd201a8{
    com.taxonic.carml.model.impl.CarmlPredicateObjectMap@7db82169[
      predicateMaps=java.util.Collections$UnmodifiableSet@1992eaf4{
        com.taxonic.carml.model.impl.CarmlPredicateMap@f74e835[
          reference=<null>,
          inverseExpression=<null>,
          template=<null>,
          termType=<null>,
          constant=org.eclipse.rdf4j.model.impl.SimpleIRI@3276732[
            iriString=http://xmlns.com/foaf/0.1/name,
            localNameIdx=-1
          ],
          functionValue=<null>,
          id=node1d1o30k8kx119,
          label=<null>
        ]
      },
      objectMaps=java.util.Collections$UnmodifiableSet@3f28bd56{
        com.taxonic.carml.model.impl.CarmlObjectMap@31e3250d[
          datatype=<null>,
          language=<null>,
          reference=<null>,
          inverseExpression=<null>,
          template={fname} {lname},
          termType=com.taxonic.carml.model.TermType@53976f5c[
            name=LITERAL,
            ordinal=2
          ],
          constant=<null>,
          functionValue=<null>,
          id=node1d1o30k8kx116,
          label=<null>
        ]
      },
      graphMaps=java.util.Collections$UnmodifiableSet@48c35007{
        
      },
      id=node1d1o30k8kx115,
      label=<null>
    ],
    com.taxonic.carml.model.impl.CarmlPredicateObjectMap@72a85671[
      predicateMaps=java.util.Collections$UnmodifiableSet@6722db6e{
        com.taxonic.carml.model.impl.CarmlPredicateMap@18f20260[
          reference=<null>,
          inverseExpression=<null>,
          template=<null>,
          termType=<null>,
          constant=org.eclipse.rdf4j.model.impl.SimpleIRI@4ae33a11[
            iriString=http://example.com/amount,
            localNameIdx=-1
          ],
          functionValue=<null>,
          id=node1d1o30k8kx120,
          label=<null>
        ]
      },
      objectMaps=java.util.Collections$UnmodifiableSet@7a48e6e2{
        com.taxonic.carml.model.impl.CarmlObjectMap@b40bb6e[
          datatype=<null>,
          language=<null>,
          reference=amount,
          inverseExpression=<null>,
          template=<null>,
          termType=<null>,
          constant=<null>,
          functionValue=<null>,
          id=node1d1o30k8kx118,
          label=<null>
        ]
      },
      graphMaps=java.util.Collections$UnmodifiableSet@3a94964{
        
      },
      id=node1d1o30k8kx117,
      label=<null>
    ]
  },
  id=http://example.com/base/TriplesMap1,
  label=<null>
]
ene. 21, 2019 12:34:02 P. M. oeg.dia.fi.upm.es.Carml main
INFO: Running the test RMLTC0012b-CSV...
ene. 21, 2019 12:34:02 P. M. oeg.dia.fi.upm.es.Carml main
INFO: Running the test RMLTC0007e-XML...
ene. 21, 2019 12:34:02 P. M. oeg.dia.fi.upm.es.RunXMLTest RunTest
WARNING: Error null
ene. 21, 2019 12:34:02 P. M. oeg.dia.fi.upm.es.Carml main
INFO: Running the test RMLTC0006a-XML...
ene. 21, 2019 12:34:02 P. M. oeg.dia.fi.upm.es.RunXMLTest RunTest
WARNING: Error null
ene. 21, 2019 12:34:02 P. M. oeg.dia.fi.upm.es.Carml main
INFO: Running the test RMLTC0008a-CSV...
ene. 21, 2019 12:34:02 P. M. oeg.dia.fi.upm.es.RunCSVTest RunTest
WARNING: Error null
ene. 21, 2019 12:34:02 P. M. oeg.dia.fi.upm.es.Carml main
INFO: Running the test RMLTC0004b-CSV...
ene. 21, 2019 12:34:02 P. M. oeg.dia.fi.upm.es.RunCSVTest RunTest
WARNING: Error encountered disallowed term type [LITERAL]; allowed term types: [BLANK_NODE, IRI]
ene. 21, 2019 12:34:02 P. M. oeg.dia.fi.upm.es.Carml main
INFO: Running the test RMLTC0008c-CSV...
ene. 21, 2019 12:34:02 P. M. oeg.dia.fi.upm.es.Carml main
INFO: Running the test RMLTC0010c-XML...
ene. 21, 2019 12:34:02 P. M. oeg.dia.fi.upm.es.Carml main
INFO: Running the test RMLTC0007g-XML...
ene. 21, 2019 12:34:02 P. M. oeg.dia.fi.upm.es.Carml main
INFO: Running the test RMLTC0012a-CSV...
ene. 21, 2019 12:34:02 P. M. oeg.dia.fi.upm.es.Carml main
INFO: Running the test RMLTC0007f-XML...
ene. 21, 2019 12:34:02 P. M. oeg.dia.fi.upm.es.RunXMLTest RunTest
WARNING: Error null
ene. 21, 2019 12:34:02 P. M. oeg.dia.fi.upm.es.Carml main
INFO: Running the test RMLTC0007e-JSON...
ene. 21, 2019 12:34:02 P. M. oeg.dia.fi.upm.es.RunJSONTest RunTest
WARNING: Error null
ene. 21, 2019 12:34:02 P. M. oeg.dia.fi.upm.es.Carml main
INFO: Running the test RMLTC0010b-XML...
ene. 21, 2019 12:34:02 P. M. oeg.dia.fi.upm.es.Carml main
INFO: Running the test RMLTC0008b-CSV...
ene. 21, 2019 12:34:02 P. M. oeg.dia.fi.upm.es.Carml main
INFO: Running the test RMLTC0002b-JSON...
ene. 21, 2019 12:34:02 P. M. oeg.dia.fi.upm.es.Carml main
INFO: Running the test RMLTC0004a-CSV...
ene. 21, 2019 12:34:02 P. M. oeg.dia.fi.upm.es.Carml main
INFO: Running the test RMLTC0002c-JSON...
ene. 21, 2019 12:34:02 P. M. oeg.dia.fi.upm.es.Carml main
INFO: Running the test RMLTC0009b-CSV...
ene. 21, 2019 12:34:02 P. M. oeg.dia.fi.upm.es.RunCSVTest RunTest
WARNING: Error null
ene. 21, 2019 12:34:02 P. M. oeg.dia.fi.upm.es.Carml main
INFO: Running the test RMLTC0007d-JSON...
ene. 21, 2019 12:34:02 P. M. oeg.dia.fi.upm.es.Carml main
INFO: Running the test RMLTC0011b-XML...
ene. 21, 2019 12:34:02 P. M. oeg.dia.fi.upm.es.Carml main
INFO: Running the test RMLTC0007b-XML...
ene. 21, 2019 12:34:02 P. M. oeg.dia.fi.upm.es.RunXMLTest RunTest
WARNING: Error null
ene. 21, 2019 12:34:02 P. M. oeg.dia.fi.upm.es.Carml main
INFO: Running the test RMLTC0012d-CSV...
ene. 21, 2019 12:34:02 P. M. oeg.dia.fi.upm.es.RunCSVTest RunTest
WARNING: Error multiple values for property [http://www.w3.org/ns/r2rml#subjectMap], but corresponding java property is NOT an Iterable property
ene. 21, 2019 12:34:02 P. M. oeg.dia.fi.upm.es.Carml main
INFO: Running the test RMLTC0007c-XML...
ene. 21, 2019 12:34:02 P. M. oeg.dia.fi.upm.es.Carml main
INFO: Running the test RMLTC0007h-CSV...
ene. 21, 2019 12:34:02 P. M. oeg.dia.fi.upm.es.RunCSVTest RunTest
WARNING: Error encountered constant value of type class org.eclipse.rdf4j.model.impl.SimpleBNode, which is not allowed for this term map
ene. 21, 2019 12:34:02 P. M. oeg.dia.fi.upm.es.Carml main
INFO: Running the test RMLTC0009a-CSV...
ene. 21, 2019 12:34:02 P. M. oeg.dia.fi.upm.es.Carml main
INFO: Running the test RMLTC0007h-JSON...
ene. 21, 2019 12:34:02 P. M. oeg.dia.fi.upm.es.RunJSONTest RunTest
WARNING: Error encountered constant value of type class org.eclipse.rdf4j.model.impl.SimpleBNode, which is not allowed for this term map
ene. 21, 2019 12:34:02 P. M. oeg.dia.fi.upm.es.Carml main
INFO: Running the test RMLTC0007a-XML...
ene. 21, 2019 12:34:02 P. M. oeg.dia.fi.upm.es.Carml main
INFO: Running the test RMLTC0008a-JSON...
ene. 21, 2019 12:34:02 P. M. oeg.dia.fi.upm.es.RunJSONTest RunTest
WARNING: Error null
ene. 21, 2019 12:34:02 P. M. oeg.dia.fi.upm.es.Carml main
INFO: Running the test RMLTC0004b-JSON...
ene. 21, 2019 12:34:02 P. M. oeg.dia.fi.upm.es.RunJSONTest RunTest
WARNING: Error encountered disallowed term type [LITERAL]; allowed term types: [BLANK_NODE, IRI]
ene. 21, 2019 12:34:02 P. M. oeg.dia.fi.upm.es.Carml main
INFO: Running the test RMLTC0007f-CSV...
ene. 21, 2019 12:34:02 P. M. oeg.dia.fi.upm.es.RunCSVTest RunTest
WARNING: Error null
ene. 21, 2019 12:34:02 P. M. oeg.dia.fi.upm.es.Carml main
INFO: Running the test RMLTC0012a-XML...
ene. 21, 2019 12:34:02 P. M. oeg.dia.fi.upm.es.Carml main
INFO: Running the test RMLTC0004a-XML...
ene. 21, 2019 12:34:02 P. M. oeg.dia.fi.upm.es.Carml main
INFO: Running the test RMLTC0008b-XML...
ene. 21, 2019 12:34:02 P. M. oeg.dia.fi.upm.es.Carml main
INFO: Running the test RMLTC0008b-JSON...
ene. 21, 2019 12:34:02 P. M. oeg.dia.fi.upm.es.Carml main
INFO: Running the test RMLTC0010b-CSV...
ene. 21, 2019 12:34:02 P. M. oeg.dia.fi.upm.es.Carml main
INFO: Running the test RMLTC0004a-JSON...
ene. 21, 2019 12:34:02 P. M. oeg.dia.fi.upm.es.Carml main
INFO: Running the test RMLTC0010c-CSV...
ene. 21, 2019 12:34:02 P. M. oeg.dia.fi.upm.es.Carml main
INFO: Running the test RMLTC0008c-XML...
ene. 21, 2019 12:34:02 P. M. oeg.dia.fi.upm.es.Carml main
INFO: Running the test RMLTC0007g-CSV...
ene. 21, 2019 12:34:02 P. M. oeg.dia.fi.upm.es.Carml main
INFO: Running the test RMLTC0011b-JSON...
ene. 21, 2019 12:34:03 P. M. oeg.dia.fi.upm.es.Carml main
INFO: Running the test RMLTC0006a-CSV...
ene. 21, 2019 12:34:03 P. M. oeg.dia.fi.upm.es.RunCSVTest RunTest
WARNING: Error null
ene. 21, 2019 12:34:03 P. M. oeg.dia.fi.upm.es.Carml main
INFO: Running the test RMLTC0007e-CSV...
ene. 21, 2019 12:34:03 P. M. oeg.dia.fi.upm.es.RunCSVTest RunTest
WARNING: Error null
ene. 21, 2019 12:34:03 P. M. oeg.dia.fi.upm.es.Carml main
INFO: Running the test RMLTC0012b-XML...
ene. 21, 2019 12:34:03 P. M. oeg.dia.fi.upm.es.Carml main
INFO: Running the test RMLTC0007g-JSON...
ene. 21, 2019 12:34:03 P. M. oeg.dia.fi.upm.es.Carml main
INFO: Running the test RMLTC0012d-JSON...
ene. 21, 2019 12:34:03 P. M. oeg.dia.fi.upm.es.RunJSONTest RunTest
WARNING: Error multiple values for property [http://www.w3.org/ns/r2rml#subjectMap], but corresponding java property is NOT an Iterable property
ene. 21, 2019 12:34:03 P. M. oeg.dia.fi.upm.es.Carml main
INFO: Running the test RMLTC0004b-XML...
ene. 21, 2019 12:34:03 P. M. oeg.dia.fi.upm.es.RunXMLTest RunTest
WARNING: Error encountered disallowed term type [LITERAL]; allowed term types: [BLANK_NODE, IRI]
ene. 21, 2019 12:34:03 P. M. oeg.dia.fi.upm.es.Carml main
INFO: Running the test RMLTC0006a-JSON...
ene. 21, 2019 12:34:03 P. M. oeg.dia.fi.upm.es.RunJSONTest RunTest
WARNING: Error null
ene. 21, 2019 12:34:03 P. M. oeg.dia.fi.upm.es.Carml main
INFO: Running the test RMLTC0008a-XML...
ene. 21, 2019 12:34:03 P. M. oeg.dia.fi.upm.es.RunXMLTest RunTest
WARNING: Error null
ene. 21, 2019 12:34:03 P. M. oeg.dia.fi.upm.es.Carml main
INFO: Running the test RMLTC0010a-CSV...
ene. 21, 2019 12:34:03 P. M. oeg.dia.fi.upm.es.Carml main
INFO: Running the test RMLTC0012c-XML...
ene. 21, 2019 12:34:03 P. M. oeg.dia.fi.upm.es.RunXMLTest RunTest
WARNING: Error Subject map must be specified in triples map CarmlTriplesMap <http://example.com/base/TriplesMap1>:
 com.taxonic.carml.model.impl.CarmlTriplesMap@1df98368[
  logicalSource=com.taxonic.carml.model.impl.CarmlLogicalSource@21ca139c[
    source=persons.json,
    iterator=/Persons/Person,
    referenceFormulation=org.eclipse.rdf4j.model.impl.SimpleIRI@226f885f[
      iriString=http://semweb.mmlab.be/ns/ql#XPath,
      localNameIdx=-1
    ],
    id=node1d1o30k8kx602,
    label=<null>
  ],
  subjectMap=<null>,
  predicateObjectMaps=java.util.Collections$UnmodifiableSet@2cd2c8fe{
    com.taxonic.carml.model.impl.CarmlPredicateObjectMap@7d61eccf[
      predicateMaps=java.util.Collections$UnmodifiableSet@cc6460c{
        com.taxonic.carml.model.impl.CarmlPredicateMap@52350abb[
          reference=<null>,
          inverseExpression=<null>,
          template=<null>,
          termType=<null>,
          constant=org.eclipse.rdf4j.model.impl.SimpleIRI@681aad3b[
            iriString=http://xmlns.com/foaf/0.1/name,
            localNameIdx=-1
          ],
          functionValue=<null>,
          id=node1d1o30k8kx607,
          label=<null>
        ]
      },
      objectMaps=java.util.Collections$UnmodifiableSet@1a6f2363{
        com.taxonic.carml.model.impl.CarmlObjectMap@2427e004[
          datatype=<null>,
          language=<null>,
          reference=<null>,
          inverseExpression=<null>,
          template={fname} {lname},
          termType=com.taxonic.carml.model.TermType@53976f5c[
            name=LITERAL,
            ordinal=2
          ],
          constant=<null>,
          functionValue=<null>,
          id=node1d1o30k8kx604,
          label=<null>
        ]
      },
      graphMaps=java.util.Collections$UnmodifiableSet@5ebd56e9{
        
      },
      id=node1d1o30k8kx603,
      label=<null>
    ],
    com.taxonic.carml.model.impl.CarmlPredicateObjectMap@63f34b70[
      predicateMaps=java.util.Collections$UnmodifiableSet@641856{
        com.taxonic.carml.model.impl.CarmlPredicateMap@1b58ff9e[
          reference=<null>,
          inverseExpression=<null>,
          template=<null>,
          termType=<null>,
          constant=org.eclipse.rdf4j.model.impl.SimpleIRI@2f66e802[
            iriString=http://example.com/amount,
            localNameIdx=-1
          ],
          functionValue=<null>,
          id=node1d1o30k8kx608,
          label=<null>
        ]
      },
      objectMaps=java.util.Collections$UnmodifiableSet@56b78e55{
        com.taxonic.carml.model.impl.CarmlObjectMap@76318a7d[
          datatype=<null>,
          language=<null>,
          reference=amount,
          inverseExpression=<null>,
          template=<null>,
          termType=<null>,
          constant=<null>,
          functionValue=<null>,
          id=node1d1o30k8kx606,
          label=<null>
        ]
      },
      graphMaps=java.util.Collections$UnmodifiableSet@2a492f2a{
        
      },
      id=node1d1o30k8kx605,
      label=<null>
    ]
  },
  id=http://example.com/base/TriplesMap1,
  label=<null>
]
ene. 21, 2019 12:34:03 P. M. oeg.dia.fi.upm.es.Carml main
INFO: Running the test RMLTC0007d-CSV...
ene. 21, 2019 12:34:03 P. M. oeg.dia.fi.upm.es.Carml main
INFO: Running the test RMLTC0009a-XML...
ene. 21, 2019 12:34:03 P. M. oeg.dia.fi.upm.es.Carml main
INFO: Running the test RMLTC0007f-JSON...
ene. 21, 2019 12:34:03 P. M. oeg.dia.fi.upm.es.RunJSONTest RunTest
WARNING: Error null
ene. 21, 2019 12:34:03 P. M. oeg.dia.fi.upm.es.Carml main
INFO: Running the test RMLTC0007a-CSV...
ene. 21, 2019 12:34:03 P. M. oeg.dia.fi.upm.es.Carml main
INFO: Running the test RMLTC0002a-JSON...
ene. 21, 2019 12:34:03 P. M. oeg.dia.fi.upm.es.Carml main
INFO: Running the test RMLTC0007c-CSV...
ene. 21, 2019 12:34:03 P. M. oeg.dia.fi.upm.es.Carml main
INFO: Running the test RMLTC0012d-XML...
ene. 21, 2019 12:34:03 P. M. oeg.dia.fi.upm.es.RunXMLTest RunTest
WARNING: Error multiple values for property [http://www.w3.org/ns/r2rml#subjectMap], but corresponding java property is NOT an Iterable property
ene. 21, 2019 12:34:03 P. M. oeg.dia.fi.upm.es.Carml main
INFO: Running the test RMLTC0007h-XML...
ene. 21, 2019 12:34:03 P. M. oeg.dia.fi.upm.es.RunXMLTest RunTest
WARNING: Error encountered constant value of type class org.eclipse.rdf4j.model.impl.SimpleBNode, which is not allowed for this term map
ene. 21, 2019 12:34:03 P. M. oeg.dia.fi.upm.es.Carml main
INFO: Running the test RMLTC0011b-CSV...
ene. 21, 2019 12:34:03 P. M. oeg.dia.fi.upm.es.Carml main
INFO: Running the test RMLTC0009b-XML...
ene. 21, 2019 12:34:03 P. M. oeg.dia.fi.upm.es.RunXMLTest RunTest
WARNING: Error null
ene. 21, 2019 12:34:03 P. M. oeg.dia.fi.upm.es.Carml main
INFO: Running the test RMLTC0008c-JSON...
ene. 21, 2019 12:34:03 P. M. oeg.dia.fi.upm.es.Carml main
INFO: Running the test RMLTC0007b-CSV...
ene. 21, 2019 12:34:03 P. M. oeg.dia.fi.upm.es.RunCSVTest RunTest
WARNING: Error null
ene. 21, 2019 12:34:03 P. M. oeg.dia.fi.upm.es.Carml main
INFO: Running the test RMLTC0007a-JSON...
ene. 21, 2019 12:34:03 P. M. oeg.dia.fi.upm.es.Carml main
INFO: Running the test RMLTC0002b-XML...
ene. 21, 2019 12:34:03 P. M. oeg.dia.fi.upm.es.Carml main
INFO: Running the test RMLTC0012b-JSON...
ene. 21, 2019 12:34:03 P. M. oeg.dia.fi.upm.es.Carml main
INFO: Running the test RMLTC0000-JSON...
ene. 21, 2019 12:34:03 P. M. oeg.dia.fi.upm.es.Carml main
INFO: Running the test RMLTC0002c-XML...
ene. 21, 2019 12:34:03 P. M. oeg.dia.fi.upm.es.Carml main
INFO: Running the test RMLTC0009b-JSON...
ene. 21, 2019 12:34:03 P. M. oeg.dia.fi.upm.es.RunJSONTest RunTest
WARNING: Error null
ene. 21, 2019 12:34:03 P. M. oeg.dia.fi.upm.es.Carml main
INFO: Running the test RMLTC0002a-XML...
ene. 21, 2019 12:34:03 P. M. oeg.dia.fi.upm.es.Carml main
INFO: Running the test RMLTC0010b-JSON...
ene. 21, 2019 12:34:03 P. M. oeg.dia.fi.upm.es.RunJSONTest RunTest
WARNING: Error Use bracket notion ['my prop'] if your property contains blank characters. position: 2
ene. 21, 2019 12:34:03 P. M. oeg.dia.fi.upm.es.Carml main
INFO: Running the test RMLTC0001a-JSON...
ene. 21, 2019 12:34:03 P. M. oeg.dia.fi.upm.es.Carml main
INFO: Running the test RMLTC0010c-JSON...
ene. 21, 2019 12:34:03 P. M. oeg.dia.fi.upm.es.RunJSONTest RunTest
WARNING: Error Use bracket notion ['my prop'] if your property contains blank characters. position: 2
ene. 21, 2019 12:34:03 P. M. oeg.dia.fi.upm.es.Carml main
INFO: Running the test RMLTC0002e-XML...
ene. 21, 2019 12:34:03 P. M. oeg.dia.fi.upm.es.RunXMLTest RunTest
WARNING: Error could not create file source for path [./src/main/resources/RMLTC0002e-XML/student2.xml]
ene. 21, 2019 12:34:03 P. M. oeg.dia.fi.upm.es.Carml main
INFO: Running the test RMLTC0001b-CSV...
ene. 21, 2019 12:34:03 P. M. oeg.dia.fi.upm.es.Carml main
INFO: Running the test RMLTC0002g-XML...
ene. 21, 2019 12:34:03 P. M. oeg.dia.fi.upm.es.RunXMLTest RunTest
WARNING: Error Namespace prefix 'rml' used but not defined [line 9]
ene. 21, 2019 12:34:03 P. M. oeg.dia.fi.upm.es.Carml main
INFO: Running the test RMLTC0003c-XML...
ene. 21, 2019 12:34:03 P. M. oeg.dia.fi.upm.es.Carml main
INFO: Running the test RMLTC0012c-JSON...
ene. 21, 2019 12:34:03 P. M. oeg.dia.fi.upm.es.RunJSONTest RunTest
WARNING: Error Subject map must be specified in triples map CarmlTriplesMap <http://example.com/base/TriplesMap1>:
 com.taxonic.carml.model.impl.CarmlTriplesMap@50b8ae8d[
  logicalSource=com.taxonic.carml.model.impl.CarmlLogicalSource@255990cc[
    source=persons.json,
    iterator=$.persons[*],
    referenceFormulation=org.eclipse.rdf4j.model.impl.SimpleIRI@51c929ae[
      iriString=http://semweb.mmlab.be/ns/ql#JSONPath,
      localNameIdx=-1
    ],
    id=node1d1o30k8kx842,
    label=<null>
  ],
  subjectMap=<null>,
  predicateObjectMaps=java.util.Collections$UnmodifiableSet@3c8bdd5b{
    com.taxonic.carml.model.impl.CarmlPredicateObjectMap@29d2d081[
      predicateMaps=java.util.Collections$UnmodifiableSet@40e4ea87{
        com.taxonic.carml.model.impl.CarmlPredicateMap@58783f6c[
          reference=<null>,
          inverseExpression=<null>,
          template=<null>,
          termType=<null>,
          constant=org.eclipse.rdf4j.model.impl.SimpleIRI@3a7b503d[
            iriString=http://xmlns.com/foaf/0.1/name,
            localNameIdx=-1
          ],
          functionValue=<null>,
          id=node1d1o30k8kx847,
          label=<null>
        ]
      },
      objectMaps=java.util.Collections$UnmodifiableSet@512d92b{
        com.taxonic.carml.model.impl.CarmlObjectMap@62c5bbdc[
          datatype=<null>,
          language=<null>,
          reference=<null>,
          inverseExpression=<null>,
          template={fname} {lname},
          termType=com.taxonic.carml.model.TermType@53976f5c[
            name=LITERAL,
            ordinal=2
          ],
          constant=<null>,
          functionValue=<null>,
          id=node1d1o30k8kx844,
          label=<null>
        ]
      },
      graphMaps=java.util.Collections$UnmodifiableSet@7bdf6bb7{
        
      },
      id=node1d1o30k8kx843,
      label=<null>
    ],
    com.taxonic.carml.model.impl.CarmlPredicateObjectMap@1bc53649[
      predicateMaps=java.util.Collections$UnmodifiableSet@88d6f9b{
        com.taxonic.carml.model.impl.CarmlPredicateMap@47d93e0d[
          reference=<null>,
          inverseExpression=<null>,
          template=<null>,
          termType=<null>,
          constant=org.eclipse.rdf4j.model.impl.SimpleIRI@475b7792[
            iriString=http://example.com/amount,
            localNameIdx=-1
          ],
          functionValue=<null>,
          id=node1d1o30k8kx848,
          label=<null>
        ]
      },
      objectMaps=java.util.Collections$UnmodifiableSet@751e664e{
        com.taxonic.carml.model.impl.CarmlObjectMap@160c3ec1[
          datatype=<null>,
          language=<null>,
          reference=amount,
          inverseExpression=<null>,
          template=<null>,
          termType=<null>,
          constant=<null>,
          functionValue=<null>,
          id=node1d1o30k8kx846,
          label=<null>
        ]
      },
      graphMaps=java.util.Collections$UnmodifiableSet@182b435b{
        
      },
      id=node1d1o30k8kx845,
      label=<null>
    ]
  },
  id=http://example.com/base/TriplesMap1,
  label=<null>
]
ene. 21, 2019 12:34:03 P. M. oeg.dia.fi.upm.es.Carml main
INFO: Running the test RMLTC0000-XML...
ene. 21, 2019 12:34:03 P. M. oeg.dia.fi.upm.es.Carml main
INFO: Running the test RMLTC0001a-CSV...
ene. 21, 2019 12:34:03 P. M. oeg.dia.fi.upm.es.Carml main
INFO: Running the test RMLTC0002g-JSON...
ene. 21, 2019 12:34:03 P. M. oeg.dia.fi.upm.es.RunJSONTest RunTest
WARNING: Error Namespace prefix 'rml' used but not defined [line 9]